Flow report for Project3
Tue Sep 10 14:58:50 2019
Quartus II 64-Bit Version 13.0.1 Build 232 06/12/2013 Service Pack 1 SJ Web Edition


---------------------
; Table of Contents ;
---------------------
  1. Legal Notice
  2. Flow Summary
  3. Flow Settings
  4. Flow Non-Default Global Settings
  5. Flow Elapsed Time
  6. Flow OS Summary
  7. Flow Log
  8. Flow Messages
  9. Flow Suppressed Messages



----------------
; Legal Notice ;
----------------
Copyright (C) 1991-2013 Altera Corporation
Your use of Altera Corporation's design tools, logic functions 
and other software and tools, and its AMPP partner logic 
functions, and any output files from any of the foregoing 
(including device programming or simulation files), and any 
associated documentation or information are expressly subject 
to the terms and conditions of the Altera Program License 
Subscription Agreement, Altera MegaCore Function License 
Agreement, or other applicable license agreement, including, 
without limitation, that your use is for the sole purpose of 
programming logic devices manufactured by Altera and sold by 
Altera or its authorized distributors.  Please refer to the 
applicable agreement for further details.



+--------------------------------------------------------------------------------------+
; Flow Summary                                                                         ;
+------------------------------------+-------------------------------------------------+
; Flow Status                        ; Successful - Tue Sep 10 14:58:38 2019           ;
; Quartus II 64-Bit Version          ; 13.0.1 Build 232 06/12/2013 SP 1 SJ Web Edition ;
; Revision Name                      ; Project3                                        ;
; Top-level Entity Name              ; Pong                                            ;
; Family                             ; Cyclone IV E                                    ;
; Device                             ; EP4CE30F23C7                                    ;
; Timing Models                      ; Final                                           ;
; Total logic elements               ; 6,369 / 28,848 ( 22 % )                         ;
;     Total combinational functions  ; 5,905 / 28,848 ( 20 % )                         ;
;     Dedicated logic registers      ; 2,776 / 28,848 ( 10 % )                         ;
; Total registers                    ; 2776                                            ;
; Total pins                         ; 40 / 329 ( 12 % )                               ;
; Total virtual pins                 ; 0                                               ;
; Total memory bits                  ; 83,200 / 608,256 ( 14 % )                       ;
; Embedded Multiplier 9-bit elements ; 4 / 132 ( 3 % )                                 ;
; Total PLLs                         ; 0 / 4 ( 0 % )                                   ;
+------------------------------------+-------------------------------------------------+


+-----------------------------------------+
; Flow Settings                           ;
+-------------------+---------------------+
; Option            ; Setting             ;
+-------------------+---------------------+
; Start date & time ; 09/10/2019 14:56:03 ;
; Main task         ; Compilation         ;
; Revision Name     ; Project3            ;
+-------------------+---------------------+


+-------------------------------------------------------------------------------------------------------------------------------------------------------------------------------------------------------------------------------------------------------------+
; Flow Non-Default Global Settings                                                                                                                                                                                                                            ;
+-------------------------------------+--------------------------------------------------------------------------------------------------------------------------+---------------+---------------------------------------------------------+------------------+
; Assignment Name                     ; Value                                                                                                                    ; Default Value ; Entity Name                                             ; Section Id       ;
+-------------------------------------+--------------------------------------------------------------------------------------------------------------------------+---------------+---------------------------------------------------------+------------------+
; COMPILER_SIGNATURE_ID               ; 167690714103691.156813816305812                                                                                          ; --            ; --                                                      ; --               ;
; ENABLE_SIGNALTAP                    ; On                                                                                                                       ; --            ; --                                                      ; --               ;
; IP_TOOL_ENV                         ; Qsys                                                                                                                     ; --            ; --                                                      ; --               ;
; IP_TOOL_ENV                         ; Qsys                                                                                                                     ; --            ; Project3_Ponto1                                         ; --               ;
; IP_TOOL_ENV                         ; Qsys                                                                                                                     ; --            ; Project3_Potenciometro1                                 ; --               ;
; IP_TOOL_ENV                         ; Qsys                                                                                                                     ; --            ; Project3_addr_router                                    ; --               ;
; IP_TOOL_ENV                         ; Qsys                                                                                                                     ; --            ; Project3_cmd_xbar_demux                                 ; --               ;
; IP_TOOL_ENV                         ; Qsys                                                                                                                     ; --            ; Project3_cmd_xbar_demux_001                             ; --               ;
; IP_TOOL_ENV                         ; Qsys                                                                                                                     ; --            ; Project3_cmd_xbar_mux                                   ; --               ;
; IP_TOOL_ENV                         ; Qsys                                                                                                                     ; --            ; Project3_id_router                                      ; --               ;
; IP_TOOL_ENV                         ; Qsys                                                                                                                     ; --            ; Project3_irq_mapper                                     ; --               ;
; IP_TOOL_ENV                         ; Qsys                                                                                                                     ; --            ; Project3_jtag_uart                                      ; --               ;
; IP_TOOL_ENV                         ; Qsys                                                                                                                     ; --            ; Project3_nios2                                          ; --               ;
; IP_TOOL_ENV                         ; Qsys                                                                                                                     ; --            ; Project3_nios2_custom_instruction_master_multi_xconnect ; --               ;
; IP_TOOL_ENV                         ; Qsys                                                                                                                     ; --            ; Project3_onchip_memory                                  ; --               ;
; IP_TOOL_ENV                         ; Qsys                                                                                                                     ; --            ; Project3_rsp_xbar_demux                                 ; --               ;
; IP_TOOL_ENV                         ; Qsys                                                                                                                     ; --            ; Project3_rsp_xbar_mux                                   ; --               ;
; IP_TOOL_ENV                         ; Qsys                                                                                                                     ; --            ; Project3_rstgame                                        ; --               ;
; IP_TOOL_ENV                         ; Qsys                                                                                                                     ; --            ; altera_avalon_sc_fifo                                   ; --               ;
; IP_TOOL_ENV                         ; Qsys                                                                                                                     ; --            ; altera_customins_master_translator                      ; --               ;
; IP_TOOL_ENV                         ; Qsys                                                                                                                     ; --            ; altera_customins_slave_translator                       ; --               ;
; IP_TOOL_ENV                         ; Qsys                                                                                                                     ; --            ; altera_merlin_master_agent                              ; --               ;
; IP_TOOL_ENV                         ; Qsys                                                                                                                     ; --            ; altera_merlin_master_translator                         ; --               ;
; IP_TOOL_ENV                         ; Qsys                                                                                                                     ; --            ; altera_merlin_slave_agent                               ; --               ;
; IP_TOOL_ENV                         ; Qsys                                                                                                                     ; --            ; altera_merlin_slave_translator                          ; --               ;
; IP_TOOL_ENV                         ; Qsys                                                                                                                     ; --            ; altera_merlin_traffic_limiter                           ; --               ;
; IP_TOOL_ENV                         ; Qsys                                                                                                                     ; --            ; altera_reset_controller                                 ; --               ;
; IP_TOOL_NAME                        ; Qsys                                                                                                                     ; --            ; --                                                      ; --               ;
; IP_TOOL_NAME                        ; altera_avalon_pio                                                                                                        ; --            ; Project3_Ponto1                                         ; --               ;
; IP_TOOL_NAME                        ; altera_avalon_pio                                                                                                        ; --            ; Project3_Potenciometro1                                 ; --               ;
; IP_TOOL_NAME                        ; altera_merlin_router                                                                                                     ; --            ; Project3_addr_router                                    ; --               ;
; IP_TOOL_NAME                        ; altera_merlin_demultiplexer                                                                                              ; --            ; Project3_cmd_xbar_demux                                 ; --               ;
; IP_TOOL_NAME                        ; altera_merlin_demultiplexer                                                                                              ; --            ; Project3_cmd_xbar_demux_001                             ; --               ;
; IP_TOOL_NAME                        ; altera_merlin_multiplexer                                                                                                ; --            ; Project3_cmd_xbar_mux                                   ; --               ;
; IP_TOOL_NAME                        ; altera_merlin_router                                                                                                     ; --            ; Project3_id_router                                      ; --               ;
; IP_TOOL_NAME                        ; altera_irq_mapper                                                                                                        ; --            ; Project3_irq_mapper                                     ; --               ;
; IP_TOOL_NAME                        ; altera_avalon_jtag_uart                                                                                                  ; --            ; Project3_jtag_uart                                      ; --               ;
; IP_TOOL_NAME                        ; altera_nios2_qsys                                                                                                        ; --            ; Project3_nios2                                          ; --               ;
; IP_TOOL_NAME                        ; altera_customins_xconnect                                                                                                ; --            ; Project3_nios2_custom_instruction_master_multi_xconnect ; --               ;
; IP_TOOL_NAME                        ; altera_avalon_onchip_memory2                                                                                             ; --            ; Project3_onchip_memory                                  ; --               ;
; IP_TOOL_NAME                        ; altera_merlin_demultiplexer                                                                                              ; --            ; Project3_rsp_xbar_demux                                 ; --               ;
; IP_TOOL_NAME                        ; altera_merlin_multiplexer                                                                                                ; --            ; Project3_rsp_xbar_mux                                   ; --               ;
; IP_TOOL_NAME                        ; altera_avalon_pio                                                                                                        ; --            ; Project3_rstgame                                        ; --               ;
; IP_TOOL_NAME                        ; altera_avalon_sc_fifo                                                                                                    ; --            ; altera_avalon_sc_fifo                                   ; --               ;
; IP_TOOL_NAME                        ; altera_customins_master_translator                                                                                       ; --            ; altera_customins_master_translator                      ; --               ;
; IP_TOOL_NAME                        ; altera_customins_slave_translator                                                                                        ; --            ; altera_customins_slave_translator                       ; --               ;
; IP_TOOL_NAME                        ; altera_merlin_master_agent                                                                                               ; --            ; altera_merlin_master_agent                              ; --               ;
; IP_TOOL_NAME                        ; altera_merlin_master_translator                                                                                          ; --            ; altera_merlin_master_translator                         ; --               ;
; IP_TOOL_NAME                        ; altera_merlin_slave_agent                                                                                                ; --            ; altera_merlin_slave_agent                               ; --               ;
; IP_TOOL_NAME                        ; altera_merlin_slave_translator                                                                                           ; --            ; altera_merlin_slave_translator                          ; --               ;
; IP_TOOL_NAME                        ; altera_merlin_traffic_limiter                                                                                            ; --            ; altera_merlin_traffic_limiter                           ; --               ;
; IP_TOOL_NAME                        ; altera_reset_controller                                                                                                  ; --            ; altera_reset_controller                                 ; --               ;
; IP_TOOL_VERSION                     ; 13.0sp1                                                                                                                  ; --            ; --                                                      ; --               ;
; IP_TOOL_VERSION                     ; 13.0.1.99.2                                                                                                              ; --            ; Project3_Ponto1                                         ; --               ;
; IP_TOOL_VERSION                     ; 13.0.1.99.2                                                                                                              ; --            ; Project3_Potenciometro1                                 ; --               ;
; IP_TOOL_VERSION                     ; 13.0                                                                                                                     ; --            ; Project3_addr_router                                    ; --               ;
; IP_TOOL_VERSION                     ; 13.0                                                                                                                     ; --            ; Project3_cmd_xbar_demux                                 ; --               ;
; IP_TOOL_VERSION                     ; 13.0                                                                                                                     ; --            ; Project3_cmd_xbar_demux_001                             ; --               ;
; IP_TOOL_VERSION                     ; 13.0                                                                                                                     ; --            ; Project3_cmd_xbar_mux                                   ; --               ;
; IP_TOOL_VERSION                     ; 13.0                                                                                                                     ; --            ; Project3_id_router                                      ; --               ;
; IP_TOOL_VERSION                     ; 13.0                                                                                                                     ; --            ; Project3_irq_mapper                                     ; --               ;
; IP_TOOL_VERSION                     ; 13.0.1.99.2                                                                                                              ; --            ; Project3_jtag_uart                                      ; --               ;
; IP_TOOL_VERSION                     ; 13.0                                                                                                                     ; --            ; Project3_nios2                                          ; --               ;
; IP_TOOL_VERSION                     ; 13.0                                                                                                                     ; --            ; Project3_nios2_custom_instruction_master_multi_xconnect ; --               ;
; IP_TOOL_VERSION                     ; 13.0.1.99.2                                                                                                              ; --            ; Project3_onchip_memory                                  ; --               ;
; IP_TOOL_VERSION                     ; 13.0                                                                                                                     ; --            ; Project3_rsp_xbar_demux                                 ; --               ;
; IP_TOOL_VERSION                     ; 13.0                                                                                                                     ; --            ; Project3_rsp_xbar_mux                                   ; --               ;
; IP_TOOL_VERSION                     ; 13.0.1.99.2                                                                                                              ; --            ; Project3_rstgame                                        ; --               ;
; IP_TOOL_VERSION                     ; 13.0                                                                                                                     ; --            ; altera_avalon_sc_fifo                                   ; --               ;
; IP_TOOL_VERSION                     ; 13.0                                                                                                                     ; --            ; altera_customins_master_translator                      ; --               ;
; IP_TOOL_VERSION                     ; 13.0                                                                                                                     ; --            ; altera_customins_slave_translator                       ; --               ;
; IP_TOOL_VERSION                     ; 13.0                                                                                                                     ; --            ; altera_merlin_master_agent                              ; --               ;
; IP_TOOL_VERSION                     ; 13.0                                                                                                                     ; --            ; altera_merlin_master_translator                         ; --               ;
; IP_TOOL_VERSION                     ; 13.0                                                                                                                     ; --            ; altera_merlin_slave_agent                               ; --               ;
; IP_TOOL_VERSION                     ; 13.0                                                                                                                     ; --            ; altera_merlin_slave_translator                          ; --               ;
; IP_TOOL_VERSION                     ; 13.0                                                                                                                     ; --            ; altera_merlin_traffic_limiter                           ; --               ;
; IP_TOOL_VERSION                     ; 13.0                                                                                                                     ; --            ; altera_reset_controller                                 ; --               ;
; MAX_CORE_JUNCTION_TEMP              ; 85                                                                                                                       ; --            ; --                                                      ; --               ;
; MIN_CORE_JUNCTION_TEMP              ; 0                                                                                                                        ; --            ; --                                                      ; --               ;
; MISC_FILE                           ; Project3/synthesis/../../Project3.cmp                                                                                    ; --            ; --                                                      ; --               ;
; MISC_FILE                           ; Project3/synthesis/../../Project3.qsys                                                                                   ; --            ; --                                                      ; --               ;
; NOMINAL_CORE_SUPPLY_VOLTAGE         ; 1.2V                                                                                                                     ; --            ; --                                                      ; --               ;
; PARTITION_COLOR                     ; 16764057                                                                                                                 ; --            ; Pong                                                    ; Top              ;
; PARTITION_FITTER_PRESERVATION_LEVEL ; PLACEMENT_AND_ROUTING                                                                                                    ; --            ; Pong                                                    ; Top              ;
; PARTITION_NETLIST_TYPE              ; SOURCE                                                                                                                   ; --            ; Pong                                                    ; Top              ;
; POWER_BOARD_THERMAL_MODEL           ; None (CONSERVATIVE)                                                                                                      ; --            ; --                                                      ; --               ;
; POWER_PRESET_COOLING_SOLUTION       ; 23 MM HEAT SINK WITH 200 LFPM AIRFLOW                                                                                    ; --            ; --                                                      ; --               ;
; PROJECT_OUTPUT_DIRECTORY            ; output_files                                                                                                             ; --            ; --                                                      ; --               ;
; SLD_FILE                            ; C:/Users/Ramon Silva/Documents/GitHub/Ping-Pong/output_files/stp1_auto_stripped.stp                                      ; --            ; --                                                      ; --               ;
; SLD_INFO                            ; QSYS_NAME Project3 HAS_SOPCINFO 1 GENERATION_ID 1567706874                                                               ; --            ; --                                                      ; --               ;
; SLD_NODE_CREATOR_ID                 ; 110                                                                                                                      ; --            ; --                                                      ; auto_signaltap_0 ;
; SLD_NODE_ENTITY_NAME                ; sld_signaltap                                                                                                            ; --            ; --                                                      ; auto_signaltap_0 ;
; SLD_NODE_PARAMETER_ASSIGNMENT       ; SLD_NODE_INFO=805334528                                                                                                  ; --            ; --                                                      ; auto_signaltap_0 ;
; SLD_NODE_PARAMETER_ASSIGNMENT       ; SLD_STORAGE_QUALIFIER_INVERSION_MASK_LENGTH=0                                                                            ; --            ; --                                                      ; auto_signaltap_0 ;
; SLD_NODE_PARAMETER_ASSIGNMENT       ; SLD_ATTRIBUTE_MEM_MODE=OFF                                                                                               ; --            ; --                                                      ; auto_signaltap_0 ;
; SLD_NODE_PARAMETER_ASSIGNMENT       ; SLD_STATE_FLOW_USE_GENERATED=0                                                                                           ; --            ; --                                                      ; auto_signaltap_0 ;
; SLD_NODE_PARAMETER_ASSIGNMENT       ; SLD_STATE_BITS=11                                                                                                        ; --            ; --                                                      ; auto_signaltap_0 ;
; SLD_NODE_PARAMETER_ASSIGNMENT       ; SLD_BUFFER_FULL_STOP=1                                                                                                   ; --            ; --                                                      ; auto_signaltap_0 ;
; SLD_NODE_PARAMETER_ASSIGNMENT       ; SLD_CURRENT_RESOURCE_WIDTH=1                                                                                             ; --            ; --                                                      ; auto_signaltap_0 ;
; SLD_NODE_PARAMETER_ASSIGNMENT       ; SLD_TRIGGER_IN_ENABLED=0                                                                                                 ; --            ; --                                                      ; auto_signaltap_0 ;
; SLD_NODE_PARAMETER_ASSIGNMENT       ; SLD_TRIGGER_LEVEL_PIPELINE=1                                                                                             ; --            ; --                                                      ; auto_signaltap_0 ;
; SLD_NODE_PARAMETER_ASSIGNMENT       ; SLD_SEGMENT_SIZE=1024                                                                                                    ; --            ; --                                                      ; auto_signaltap_0 ;
; SLD_NODE_PARAMETER_ASSIGNMENT       ; SLD_SAMPLE_DEPTH=1024                                                                                                    ; --            ; --                                                      ; auto_signaltap_0 ;
; SLD_NODE_PARAMETER_ASSIGNMENT       ; SLD_TRIGGER_LEVEL=2                                                                                                      ; --            ; --                                                      ; auto_signaltap_0 ;
; SLD_NODE_PARAMETER_ASSIGNMENT       ; SLD_INVERSION_MASK_LENGTH=24                                                                                             ; --            ; --                                                      ; auto_signaltap_0 ;
; SLD_NODE_PARAMETER_ASSIGNMENT       ; SLD_ENABLE_ADVANCED_TRIGGER=1                                                                                            ; --            ; --                                                      ; auto_signaltap_0 ;
; SLD_NODE_PARAMETER_ASSIGNMENT       ; SLD_POWER_UP_TRIGGER=1                                                                                                   ; --            ; --                                                      ; auto_signaltap_0 ;
; SLD_NODE_PARAMETER_ASSIGNMENT       ; SLD_INVERSION_MASK=000000001100011101111111                                                                              ; --            ; --                                                      ; auto_signaltap_0 ;
; SLD_NODE_PARAMETER_ASSIGNMENT       ; SLD_DATA_BITS=5                                                                                                          ; --            ; --                                                      ; auto_signaltap_0 ;
; SLD_NODE_PARAMETER_ASSIGNMENT       ; SLD_TRIGGER_BITS=5                                                                                                       ; --            ; --                                                      ; auto_signaltap_0 ;
; SLD_NODE_PARAMETER_ASSIGNMENT       ; SLD_NODE_CRC_LOWORD=39279                                                                                                ; --            ; --                                                      ; auto_signaltap_0 ;
; SLD_NODE_PARAMETER_ASSIGNMENT       ; SLD_NODE_CRC_HIWORD=62520                                                                                                ; --            ; --                                                      ; auto_signaltap_0 ;
; SLD_NODE_PARAMETER_ASSIGNMENT       ; SLD_ADVANCED_TRIGGER_ENTITY=sld_reserved_Project3_auto_signaltap_0_1_df8a,sld_reserved_Project3_auto_signaltap_0_2_df8a, ; --            ; --                                                      ; auto_signaltap_0 ;
; SOPCINFO_FILE                       ; Project3/synthesis/../../Project3.sopcinfo                                                                               ; --            ; --                                                      ; --               ;
; SYNTHESIS_ONLY_QIP                  ; On                                                                                                                       ; --            ; --                                                      ; --               ;
; TOP_LEVEL_ENTITY                    ; Pong                                                                                                                     ; Project3      ; --                                                      ; --               ;
; USE_SIGNALTAP_FILE                  ; output_files/stp1.stp                                                                                                    ; --            ; --                                                      ; --               ;
+-------------------------------------+--------------------------------------------------------------------------------------------------------------------------+---------------+---------------------------------------------------------+------------------+


+-------------------------------------------------------------------------------------------------------------------------------+
; Flow Elapsed Time                                                                                                             ;
+---------------------------+--------------+-------------------------+---------------------+------------------------------------+
; Module Name               ; Elapsed Time ; Average Processors Used ; Peak Virtual Memory ; Total CPU Time (on all processors) ;
+---------------------------+--------------+-------------------------+---------------------+------------------------------------+
; Analysis & Synthesis      ; 00:01:35     ; 1.0                     ; 4795 MB             ; 00:01:33                           ;
; Fitter                    ; 00:00:43     ; 1.2                     ; 5245 MB             ; 00:00:47                           ;
; Assembler                 ; 00:00:05     ; 1.0                     ; 4599 MB             ; 00:00:05                           ;
; TimeQuest Timing Analyzer ; 00:00:11     ; 1.1                     ; 4751 MB             ; 00:00:10                           ;
; Total                     ; 00:02:34     ; --                      ; --                  ; 00:02:35                           ;
+---------------------------+--------------+-------------------------+---------------------+------------------------------------+


+----------------------------------------------------------------------------------------+
; Flow OS Summary                                                                        ;
+---------------------------+------------------+-----------+------------+----------------+
; Module Name               ; Machine Hostname ; OS Name   ; OS Version ; Processor type ;
+---------------------------+------------------+-----------+------------+----------------+
; Analysis & Synthesis      ; DESKTOP-KJDD7TF  ; Windows 7 ; 6.2        ; x86_64         ;
; Fitter                    ; DESKTOP-KJDD7TF  ; Windows 7 ; 6.2        ; x86_64         ;
; Assembler                 ; DESKTOP-KJDD7TF  ; Windows 7 ; 6.2        ; x86_64         ;
; TimeQuest Timing Analyzer ; DESKTOP-KJDD7TF  ; Windows 7 ; 6.2        ; x86_64         ;
+---------------------------+------------------+-----------+------------+----------------+


------------
; Flow Log ;
------------
quartus_map --read_settings_files=on --write_settings_files=off Project3 -c Project3
quartus_fit --read_settings_files=off --write_settings_files=off Project3 -c Project3
quartus_asm --read_settings_files=off --write_settings_files=off Project3 -c Project3
quartus_sta Project3 -c Project3



